#
# There is insufficient memory for the Java Runtime Environment to continue.
# Native memory allocation (mmap) failed to map 336592896 bytes for Failed to commit area from 0x000000008f500000 to 0x00000000a3600000 of length 336592896.
# Possible reasons:
#   The system is out of physical RAM or swap space
#   The process is running with CompressedOops enabled, and the Java Heap may be blocking the growth of the native heap
# Possible solutions:
#   Reduce memory load on the system
#   Increase physical memory or swap space
#   Check if swap backing store is full
#   Decrease Java heap size (-Xmx/-Xms)
#   Decrease number of Java threads
#   Decrease Java thread stack sizes (-Xss)
#   Set larger code cache with -XX:ReservedCodeCacheSize=
#   JVM is running with Unscaled Compressed Oops mode in which the Java heap is
#     placed in the first 4GB address space. The Java Heap base address is the
#     maximum limit for the native heap growth. Please use -XX:HeapBaseMinAddress
#     to set the Java Heap base and to place the Java Heap above 4GB virtual address.
# This output file may be truncated or incomplete.
#
#  Out of Memory Error (os_windows.cpp:3386), pid=27536, tid=25348
#
# JRE version: OpenJDK Runtime Environment Microsoft-8035250 (11.0.20+8) (build 11.0.20+8-LTS)
# Java VM: OpenJDK 64-Bit Server VM Microsoft-8035250 (11.0.20+8-LTS, mixed mode, tiered, compressed oops, g1 gc, windows-amd64)
# No core dump will be written. Minidumps are not enabled by default on client versions of Windows
#

---------------  S U M M A R Y ------------

Command Line: org.jetbrains.kotlin.cli.jvm.K2JVMCompiler @C:\Users\boonn\Desktop\Monexpo2\node_modules\react-native-screens\android\build\20240519_1431496599398004871.compiler.options

Host: Intel(R) Core(TM) i7-8750H CPU @ 2.20GHz, 12 cores, 7G,  Windows 10 , 64 bit Build 19041 (10.0.19041.3636)
Time: Sun May 19 16:06:57 2024 SE Asia Standard Time elapsed time: 163.568053 seconds (0d 0h 2m 43s)

---------------  T H R E A D  ---------------

Current thread (0x000001a56ea24000):  VMThread "VM Thread" [stack: 0x0000003f8ec00000,0x0000003f8ed00000] [id=25348]

Stack: [0x0000003f8ec00000,0x0000003f8ed00000]
[error occurred during error reporting (printing stack bounds), id 0xc0000005, EXCEPTION_ACCESS_VIOLATION (0xc0000005) at pc=0x000001a557dd112d]

Native frames: (J=compiled Java code, j=interpreted, Vv=VM code, C=native code)
V  [jvm.dll+0x62e9da]
V  [jvm.dll+0x7bc4e9]
V  [jvm.dll+0x7bdbd8]
V  [jvm.dll+0x7be215]
V  [jvm.dll+0x7be1cb]
V  [jvm.dll+0x62dd67]
V  [jvm.dll+0x62e478]
C  [ntdll.dll+0xa23af]
C  [ntdll.dll+0x514b4]
C  [ntdll.dll+0xa0ebe]
C  0x000001a557dd112d

VM_Operation (0x0000003f8e6fd210): G1CollectForAllocation, mode: safepoint, requested by thread 0x000001a54f658800


---------------  P R O C E S S  ---------------

Threads class SMR info:
_java_thread_list=0x000001a56f5ec7f0, length=10, elements={
0x000001a54f658800, 0x000001a56ea4a000, 0x000001a56ea4b800, 0x000001a56ea66800,
0x000001a56f3b2800, 0x000001a56f3b4800, 0x000001a56f3b9000, 0x000001a56f3d9800,
0x000001a56f402800, 0x000001a56f55a800
}

Java Threads: ( => current thread )
  0x000001a54f658800 JavaThread "main" [_thread_blocked, id=19656, stack(0x0000003f8e600000,0x0000003f8e700000)]
  0x000001a56ea4a000 JavaThread "Reference Handler" daemon [_thread_blocked, id=30060, stack(0x0000003f8ed00000,0x0000003f8ee00000)]
  0x000001a56ea4b800 JavaThread "Finalizer" daemon [_thread_blocked, id=23684, stack(0x0000003f8ee00000,0x0000003f8ef00000)]
  0x000001a56ea66800 JavaThread "Signal Dispatcher" daemon [_thread_blocked, id=16332, stack(0x0000003f8ef00000,0x0000003f8f000000)]
  0x000001a56f3b2800 JavaThread "Attach Listener" daemon [_thread_blocked, id=15240, stack(0x0000003f8f000000,0x0000003f8f100000)]
  0x000001a56f3b4800 JavaThread "Service Thread" daemon [_thread_blocked, id=2952, stack(0x0000003f8f100000,0x0000003f8f200000)]
  0x000001a56f3b9000 JavaThread "C2 CompilerThread0" daemon [_thread_blocked, id=15424, stack(0x0000003f8f200000,0x0000003f8f300000)]
  0x000001a56f3d9800 JavaThread "C1 CompilerThread0" daemon [_thread_blocked, id=1632, stack(0x0000003f8f300000,0x0000003f8f400000)]
  0x000001a56f402800 JavaThread "Sweeper thread" daemon [_thread_blocked, id=21916, stack(0x0000003f8f400000,0x0000003f8f500000)]
  0x000001a56f55a800 JavaThread "Common-Cleaner" daemon [_thread_blocked, id=30176, stack(0x0000003f8f600000,0x0000003f8f700000)]

Other Threads:
=>0x000001a56ea24000 VMThread "VM Thread" [stack: 0x0000003f8ec00000,0x0000003f8ed00000] [id=25348]
  0x000001a56f556000 WatcherThread [stack: 0x0000003f8f500000,0x0000003f8f600000] [id=6472]
  0x000001a54f671000 GCTaskThread "GC Thread#0" [stack: 0x0000003f8e700000,0x0000003f8e800000] [id=17444]
  0x000001a56fafd000 GCTaskThread "GC Thread#1" [stack: 0x0000003f8f700000,0x0000003f8f800000] [id=18516]
  0x000001a56fb2c000 GCTaskThread "GC Thread#2" [stack: 0x0000003f8f800000,0x0000003f8f900000] [id=11740]
  0x000001a576d09800 GCTaskThread "GC Thread#3" [stack: 0x0000003f8e300000,0x0000003f8e400000] [id=27208]
  0x000001a54f6a2000 ConcurrentGCThread "G1 Main Marker" [stack: 0x0000003f8e800000,0x0000003f8e900000] [id=9332]
  0x000001a54f6a3800 ConcurrentGCThread "G1 Conc#0" [stack: 0x0000003f8e900000,0x0000003f8ea00000] [id=10840]
  0x000001a56f4c1000 ConcurrentGCThread "G1 Conc#1" [stack: 0x0000003f8f900000,0x0000003f8fa00000] [id=16736]
  0x000001a56fc93000 ConcurrentGCThread "G1 Conc#2" [stack: 0x0000003f8fa00000,0x0000003f8fb00000] [id=24648]
  0x000001a56e890800 ConcurrentGCThread "G1 Refine#0" [stack: 0x0000003f8ea00000,0x0000003f8eb00000] [id=19976]
  0x000001a56e891800 ConcurrentGCThread "G1 Young RemSet Sampling" [stack: 0x0000003f8eb00000,0x0000003f8ec00000] [id=19776]

Threads with active compile tasks:
C2 CompilerThread0   164012 17834       4       org.jetbrains.kotlin.backend.jvm.caches.BridgeLoweringCache::canHaveSpecialBridge (152 bytes)
C1 CompilerThread0   164013 17953       2       org.jetbrains.kotlin.backend.common.lower.InventNamesForLocalClasses$NameInventor::visitCall (8 bytes)

VM state:at safepoint (normal execution)

VM Mutex/Monitor currently owned by a thread:  ([mutex/lock_event])
[0x000001a54f654e10] Threads_lock - owner thread: 0x000001a56ea24000
[0x000001a54f655a70] Heap_lock - owner thread: 0x000001a54f658800

Heap address: 0x0000000082600000, size: 2010 MB, Compressed Oops mode: 32-bit
Narrow klass base: 0x0000000000000000, Narrow klass shift: 3
Compressed class space size: 1073741824 Address: 0x0000000100000000

Heap:
 garbage-first heap   total 540672K, used 120045K [0x0000000082600000, 0x0000000100000000)
  region size 1024K, 2 young (2048K), 2 survivors (2048K)
 Metaspace       used 88782K, capacity 89737K, committed 89856K, reserved 1130496K
  class space    used 9308K, capacity 9713K, committed 9804K, reserved 1048576K
Heap Regions: E=young(eden), S=young(survivor), O=old, HS=humongous(starts), HC=humongous(continues), CS=collection set, F=free, A=archive, TAMS=top-at-mark-start (previous, next)
|   0|0x0000000082600000, 0x0000000082700000, 0x0000000082700000|100%|HS|  |TAMS 0x0000000082700000, 0x0000000082600000| Complete 
|   1|0x0000000082700000, 0x0000000082800000, 0x0000000082800000|100%|HC|  |TAMS 0x0000000082800000, 0x0000000082700000| Complete 
|   2|0x0000000082800000, 0x0000000082900000, 0x0000000082900000|100%|HC|  |TAMS 0x0000000082900000, 0x0000000082800000| Complete 
|   3|0x0000000082900000, 0x0000000082a00000, 0x0000000082a00000|100%|HC|  |TAMS 0x0000000082a00000, 0x0000000082900000| Complete 
|   4|0x0000000082a00000, 0x0000000082b00000, 0x0000000082b00000|100%|HS|  |TAMS 0x0000000082b00000, 0x0000000082a00000| Complete 
|   5|0x0000000082b00000, 0x0000000082c00000, 0x0000000082c00000|100%|HC|  |TAMS 0x0000000082c00000, 0x0000000082b00000| Complete 
|   6|0x0000000082c00000, 0x0000000082d00000, 0x0000000082d00000|100%|HC|  |TAMS 0x0000000082d00000, 0x0000000082c00000| Complete 
|   7|0x0000000082d00000, 0x0000000082e00000, 0x0000000082e00000|100%|HC|  |TAMS 0x0000000082e00000, 0x0000000082d00000| Complete 
|   8|0x0000000082e00000, 0x0000000082f00000, 0x0000000082f00000|100%|HS|  |TAMS 0x0000000082f00000, 0x0000000082e00000| Complete 
|   9|0x0000000082f00000, 0x0000000083000000, 0x0000000083000000|100%|HC|  |TAMS 0x0000000083000000, 0x0000000082f00000| Complete 
|  10|0x0000000083000000, 0x0000000083100000, 0x0000000083100000|100%| O|  |TAMS 0x0000000083100000, 0x0000000083000000| Untracked 
|  11|0x0000000083100000, 0x0000000083200000, 0x0000000083200000|100%| O|  |TAMS 0x0000000083200000, 0x0000000083100000| Untracked 
|  12|0x0000000083200000, 0x0000000083300000, 0x0000000083300000|100%| O|  |TAMS 0x0000000083300000, 0x0000000083200000| Untracked 
|  13|0x0000000083300000, 0x0000000083400000, 0x0000000083400000|100%| O|  |TAMS 0x0000000083400000, 0x0000000083300000| Untracked 
|  14|0x0000000083400000, 0x0000000083500000, 0x0000000083500000|100%| O|  |TAMS 0x0000000083500000, 0x0000000083400000| Untracked 
|  15|0x0000000083500000, 0x0000000083600000, 0x0000000083600000|100%| O|  |TAMS 0x0000000083600000, 0x0000000083500000| Untracked 
|  16|0x0000000083600000, 0x0000000083700000, 0x0000000083700000|100%| O|  |TAMS 0x0000000083700000, 0x0000000083600000| Untracked 
|  17|0x0000000083700000, 0x0000000083800000, 0x0000000083800000|100%| O|  |TAMS 0x0000000083800000, 0x0000000083700000| Untracked 
|  18|0x0000000083800000, 0x0000000083900000, 0x0000000083900000|100%| O|  |TAMS 0x0000000083900000, 0x0000000083800000| Untracked 
|  19|0x0000000083900000, 0x0000000083a00000, 0x0000000083a00000|100%| O|  |TAMS 0x0000000083a00000, 0x0000000083900000| Untracked 
|  20|0x0000000083a00000, 0x0000000083b00000, 0x0000000083b00000|100%| O|  |TAMS 0x0000000083b00000, 0x0000000083a00000| Untracked 
|  21|0x0000000083b00000, 0x0000000083c00000, 0x0000000083c00000|100%| O|  |TAMS 0x0000000083c00000, 0x0000000083b00000| Complete 
|  22|0x0000000083c00000, 0x0000000083d00000, 0x0000000083d00000|100%| O|  |TAMS 0x0000000083d00000, 0x0000000083c00000| Complete 
|  23|0x0000000083d00000, 0x0000000083e00000, 0x0000000083e00000|100%| O|  |TAMS 0x0000000083e00000, 0x0000000083d00000| Complete 
|  24|0x0000000083e00000, 0x0000000083f00000, 0x0000000083f00000|100%| O|  |TAMS 0x0000000083f00000, 0x0000000083e00000| Untracked 
|  25|0x0000000083f00000, 0x0000000084000000, 0x0000000084000000|100%| O|  |TAMS 0x0000000084000000, 0x0000000083f00000| Untracked 
|  26|0x0000000084000000, 0x0000000084100000, 0x0000000084100000|100%| O|  |TAMS 0x0000000084100000, 0x0000000084000000| Untracked 
|  27|0x0000000084100000, 0x0000000084200000, 0x0000000084200000|100%| O|  |TAMS 0x0000000084200000, 0x0000000084100000| Untracked 
|  28|0x0000000084200000, 0x0000000084300000, 0x0000000084300000|100%| O|  |TAMS 0x0000000084300000, 0x0000000084200000| Untracked 
|  29|0x0000000084300000, 0x0000000084400000, 0x0000000084400000|100%| O|  |TAMS 0x0000000084400000, 0x0000000084300000| Untracked 
|  30|0x0000000084400000, 0x0000000084500000, 0x0000000084500000|100%| O|  |TAMS 0x0000000084500000, 0x0000000084400000| Untracked 
|  31|0x0000000084500000, 0x0000000084600000, 0x0000000084600000|100%| O|  |TAMS 0x0000000084600000, 0x0000000084500000| Complete 
|  32|0x0000000084600000, 0x0000000084700000, 0x0000000084700000|100%| O|  |TAMS 0x0000000084700000, 0x0000000084600000| Untracked 
|  33|0x0000000084700000, 0x0000000084800000, 0x0000000084800000|100%| O|  |TAMS 0x0000000084800000, 0x0000000084700000| Untracked 
|  34|0x0000000084800000, 0x0000000084900000, 0x0000000084900000|100%| O|  |TAMS 0x0000000084900000, 0x0000000084800000| Untracked 
|  35|0x0000000084900000, 0x0000000084a00000, 0x0000000084a00000|100%| O|  |TAMS 0x0000000084a00000, 0x0000000084900000| Untracked 
|  36|0x0000000084a00000, 0x0000000084b00000, 0x0000000084b00000|100%| O|  |TAMS 0x0000000084b00000, 0x0000000084a00000| Complete 
|  37|0x0000000084b00000, 0x0000000084c00000, 0x0000000084c00000|100%| O|  |TAMS 0x0000000084c00000, 0x0000000084b00000| Complete 
|  38|0x0000000084c00000, 0x0000000084d00000, 0x0000000084d00000|100%| O|  |TAMS 0x0000000084d00000, 0x0000000084c00000| Untracked 
|  39|0x0000000084d00000, 0x0000000084e00000, 0x0000000084e00000|100%| O|  |TAMS 0x0000000084e00000, 0x0000000084d00000| Untracked 
|  40|0x0000000084e00000, 0x0000000084f00000, 0x0000000084f00000|100%| O|  |TAMS 0x0000000084f00000, 0x0000000084e00000| Untracked 
|  41|0x0000000084f00000, 0x0000000085000000, 0x0000000085000000|100%| O|  |TAMS 0x0000000085000000, 0x0000000084f00000| Complete 
|  42|0x0000000085000000, 0x0000000085100000, 0x0000000085100000|100%| O|  |TAMS 0x0000000085100000, 0x0000000085000000| Complete 
|  43|0x0000000085100000, 0x0000000085200000, 0x0000000085200000|100%| O|  |TAMS 0x0000000085200000, 0x0000000085100000| Complete 
|  44|0x0000000085200000, 0x0000000085300000, 0x0000000085300000|100%| O|  |TAMS 0x0000000085300000, 0x0000000085200000| Untracked 
|  45|0x0000000085300000, 0x0000000085400000, 0x0000000085400000|100%| O|  |TAMS 0x0000000085400000, 0x0000000085300000| Complete 
|  46|0x0000000085400000, 0x0000000085500000, 0x0000000085500000|100%| O|  |TAMS 0x0000000085500000, 0x0000000085400000| Complete 
|  47|0x0000000085500000, 0x0000000085600000, 0x0000000085600000|100%| O|  |TAMS 0x0000000085600000, 0x0000000085500000| Untracked 
|  48|0x0000000085600000, 0x0000000085700000, 0x0000000085700000|100%| O|  |TAMS 0x0000000085700000, 0x0000000085600000| Untracked 
|  49|0x0000000085700000, 0x0000000085800000, 0x0000000085800000|100%| O|  |TAMS 0x0000000085800000, 0x0000000085700000| Untracked 
|  50|0x0000000085800000, 0x0000000085900000, 0x0000000085900000|100%| O|  |TAMS 0x0000000085900000, 0x0000000085800000| Untracked 
|  51|0x0000000085900000, 0x0000000085a00000, 0x0000000085a00000|100%| O|  |TAMS 0x0000000085a00000, 0x0000000085900000| Untracked 
|  52|0x0000000085a00000, 0x0000000085b00000, 0x0000000085b00000|100%| O|  |TAMS 0x0000000085b00000, 0x0000000085a00000| Complete 
|  53|0x0000000085b00000, 0x0000000085c00000, 0x0000000085c00000|100%| O|  |TAMS 0x0000000085c00000, 0x0000000085b00000| Untracked 
|  54|0x0000000085c00000, 0x0000000085d00000, 0x0000000085d00000|100%| O|  |TAMS 0x0000000085d00000, 0x0000000085c00000| Untracked 
|  55|0x0000000085d00000, 0x0000000085e00000, 0x0000000085e00000|100%| O|  |TAMS 0x0000000085e00000, 0x0000000085d00000| Untracked 
|  56|0x0000000085e00000, 0x0000000085f00000, 0x0000000085f00000|100%| O|  |TAMS 0x0000000085f00000, 0x0000000085e00000| Untracked 
|  57|0x0000000085f00000, 0x0000000086000000, 0x0000000086000000|100%| O|  |TAMS 0x0000000086000000, 0x0000000085f00000| Untracked 
|  58|0x0000000086000000, 0x0000000086100000, 0x0000000086100000|100%| O|  |TAMS 0x0000000086100000, 0x0000000086000000| Complete 
|  59|0x0000000086100000, 0x0000000086200000, 0x0000000086200000|100%| O|  |TAMS 0x0000000086200000, 0x0000000086100000| Complete 
|  60|0x0000000086200000, 0x0000000086300000, 0x0000000086300000|100%| O|  |TAMS 0x0000000086300000, 0x0000000086200000| Untracked 
|  61|0x0000000086300000, 0x0000000086400000, 0x0000000086400000|100%| O|  |TAMS 0x0000000086400000, 0x0000000086300000| Untracked 
|  62|0x0000000086400000, 0x0000000086500000, 0x0000000086500000|100%| O|  |TAMS 0x0000000086500000, 0x0000000086400000| Untracked 
|  63|0x0000000086500000, 0x0000000086600000, 0x0000000086600000|100%| O|  |TAMS 0x0000000086600000, 0x0000000086500000| Untracked 
|  64|0x0000000086600000, 0x0000000086700000, 0x0000000086700000|100%| O|  |TAMS 0x0000000086700000, 0x0000000086600000| Complete 
|  65|0x0000000086700000, 0x0000000086800000, 0x0000000086800000|100%| O|  |TAMS 0x0000000086800000, 0x0000000086700000| Complete 
|  66|0x0000000086800000, 0x0000000086900000, 0x0000000086900000|100%| O|  |TAMS 0x0000000086900000, 0x0000000086800000| Untracked 
|  67|0x0000000086900000, 0x0000000086a00000, 0x0000000086a00000|100%| O|  |TAMS 0x0000000086a00000, 0x0000000086900000| Complete 
|  68|0x0000000086a00000, 0x0000000086b00000, 0x0000000086b00000|100%| O|  |TAMS 0x0000000086b00000, 0x0000000086a00000| Complete 
|  69|0x0000000086b00000, 0x0000000086c00000, 0x0000000086c00000|100%| O|  |TAMS 0x0000000086c00000, 0x0000000086b00000| Untracked 
|  70|0x0000000086c00000, 0x0000000086d00000, 0x0000000086d00000|100%| O|  |TAMS 0x0000000086d00000, 0x0000000086c00000| Complete 
|  71|0x0000000086d00000, 0x0000000086e00000, 0x0000000086e00000|100%| O|  |TAMS 0x0000000086e00000, 0x0000000086d00000| Untracked 
|  72|0x0000000086e00000, 0x0000000086f00000, 0x0000000086f00000|100%| O|  |TAMS 0x0000000086f00000, 0x0000000086e00000| Untracked 
|  73|0x0000000086f00000, 0x0000000087000000, 0x0000000087000000|100%| O|  |TAMS 0x0000000087000000, 0x0000000086f00000| Untracked 
|  74|0x0000000087000000, 0x0000000087000000, 0x0000000087100000|  0%| F|  |TAMS 0x0000000087000000, 0x0000000087000000| Untracked 
|  75|0x0000000087100000, 0x0000000087200000, 0x0000000087200000|100%| O|  |TAMS 0x0000000087200000, 0x0000000087100000| Untracked 
|  76|0x0000000087200000, 0x0000000087300000, 0x0000000087300000|100%| O|  |TAMS 0x0000000087300000, 0x0000000087200000| Untracked 
|  77|0x0000000087300000, 0x0000000087400000, 0x0000000087400000|100%| O|  |TAMS 0x0000000087400000, 0x0000000087300000| Complete 
|  78|0x0000000087400000, 0x0000000087500000, 0x0000000087500000|100%| O|  |TAMS 0x0000000087500000, 0x0000000087400000| Complete 
|  79|0x0000000087500000, 0x0000000087600000, 0x0000000087600000|100%| O|  |TAMS 0x0000000087600000, 0x0000000087500000| Complete 
|  80|0x0000000087600000, 0x0000000087700000, 0x0000000087700000|100%| O|  |TAMS 0x0000000087700000, 0x0000000087600000| Untracked 
|  81|0x0000000087700000, 0x0000000087800000, 0x0000000087800000|100%| O|  |TAMS 0x0000000087800000, 0x0000000087700000| Untracked 
|  82|0x0000000087800000, 0x0000000087900000, 0x0000000087900000|100%| O|  |TAMS 0x0000000087900000, 0x0000000087800000| Complete 
|  83|0x0000000087900000, 0x0000000087a00000, 0x0000000087a00000|100%| O|  |TAMS 0x0000000087900000, 0x0000000087900000| Untracked 
|  84|0x0000000087a00000, 0x0000000087b00000, 0x0000000087b00000|100%| O|  |TAMS 0x0000000087b00000, 0x0000000087a00000| Complete 
|  85|0x0000000087b00000, 0x0000000087c00000, 0x0000000087c00000|100%| O|  |TAMS 0x0000000087c00000, 0x0000000087b00000| Complete 
|  86|0x0000000087c00000, 0x0000000087d00000, 0x0000000087d00000|100%| O|  |TAMS 0x0000000087c00000, 0x0000000087c00000| Untracked 
|  87|0x0000000087d00000, 0x0000000087e00000, 0x0000000087e00000|100%| O|  |TAMS 0x0000000087d00000, 0x0000000087d00000| Untracked 
|  88|0x0000000087e00000, 0x0000000087f00000, 0x0000000087f00000|100%| O|  |TAMS 0x0000000087f00000, 0x0000000087e00000| Complete 
|  89|0x0000000087f00000, 0x0000000088000000, 0x0000000088000000|100%| O|  |TAMS 0x0000000087f00000, 0x0000000087f00000| Untracked 
|  90|0x0000000088000000, 0x0000000088100000, 0x0000000088100000|100%| O|  |TAMS 0x0000000088100000, 0x0000000088000000| Untracked 
|  91|0x0000000088100000, 0x000000008815b000, 0x0000000088200000| 35%| O|  |TAMS 0x0000000088100000, 0x0000000088100000| Untracked 
|  92|0x0000000088200000, 0x0000000088200000, 0x0000000088300000|  0%| F|  |TAMS 0x0000000088200000, 0x0000000088200000| Untracked 
|  93|0x0000000088300000, 0x0000000088300000, 0x0000000088400000|  0%| F|  |TAMS 0x0000000088300000, 0x0000000088300000| Untracked 
|  94|0x0000000088400000, 0x0000000088400000, 0x0000000088500000|  0%| F|  |TAMS 0x0000000088400000, 0x0000000088400000| Untracked 
|  95|0x0000000088500000, 0x0000000088600000, 0x0000000088600000|100%| O|  |TAMS 0x0000000088600000, 0x0000000088500000| Complete 
|  96|0x0000000088600000, 0x0000000088700000, 0x0000000088700000|100%| O|  |TAMS 0x0000000088700000, 0x0000000088600000| Complete 
|  97|0x0000000088700000, 0x0000000088800000, 0x0000000088800000|100%| O|  |TAMS 0x0000000088800000, 0x0000000088700000| Complete 
|  98|0x0000000088800000, 0x0000000088900000, 0x0000000088900000|100%| O|  |TAMS 0x0000000088900000, 0x0000000088800000| Untracked 
|  99|0x0000000088900000, 0x0000000088a00000, 0x0000000088a00000|100%| O|  |TAMS 0x0000000088a00000, 0x0000000088900000| Untracked 
| 100|0x0000000088a00000, 0x0000000088b00000, 0x0000000088b00000|100%| O|  |TAMS 0x0000000088b00000, 0x0000000088a00000| Untracked 
| 101|0x0000000088b00000, 0x0000000088c00000, 0x0000000088c00000|100%| O|  |TAMS 0x0000000088c00000, 0x0000000088b00000| Complete 
| 102|0x0000000088c00000, 0x0000000088d00000, 0x0000000088d00000|100%| O|  |TAMS 0x0000000088d00000, 0x0000000088c00000| Untracked 
| 103|0x0000000088d00000, 0x0000000088e00000, 0x0000000088e00000|100%| O|  |TAMS 0x0000000088e00000, 0x0000000088d00000| Complete 
| 104|0x0000000088e00000, 0x0000000088f00000, 0x0000000088f00000|100%| O|  |TAMS 0x0000000088f00000, 0x0000000088e00000| Complete 
| 105|0x0000000088f00000, 0x0000000089000000, 0x0000000089000000|100%| O|  |TAMS 0x0000000089000000, 0x0000000088f00000| Untracked 
| 106|0x0000000089000000, 0x0000000089100000, 0x0000000089100000|100%| O|  |TAMS 0x0000000089100000, 0x0000000089000000| Complete 
| 107|0x0000000089100000, 0x0000000089200000, 0x0000000089200000|100%| O|  |TAMS 0x0000000089200000, 0x0000000089100000| Untracked 
| 108|0x0000000089200000, 0x0000000089300000, 0x0000000089300000|100%| O|  |TAMS 0x0000000089300000, 0x0000000089200000| Complete 
| 109|0x0000000089300000, 0x0000000089400000, 0x0000000089400000|100%| O|  |TAMS 0x0000000089400000, 0x0000000089300000| Untracked 
| 110|0x0000000089400000, 0x0000000089500000, 0x0000000089500000|100%| O|  |TAMS 0x0000000089500000, 0x0000000089400000| Untracked 
| 111|0x0000000089500000, 0x0000000089600000, 0x0000000089600000|100%| O|  |TAMS 0x0000000089600000, 0x0000000089500000| Complete 
| 112|0x0000000089600000, 0x0000000089700000, 0x0000000089700000|100%| O|  |TAMS 0x0000000089700000, 0x0000000089600000| Untracked 
| 113|0x0000000089700000, 0x0000000089800000, 0x0000000089800000|100%| O|  |TAMS 0x0000000089800000, 0x0000000089700000| Untracked 
| 114|0x0000000089800000, 0x0000000089900000, 0x0000000089900000|100%| O|  |TAMS 0x0000000089900000, 0x0000000089800000| Untracked 
| 115|0x0000000089900000, 0x0000000089a00000, 0x0000000089a00000|100%| O|  |TAMS 0x0000000089a00000, 0x0000000089900000| Complete 
| 116|0x0000000089a00000, 0x0000000089b00000, 0x0000000089b00000|100%| O|  |TAMS 0x0000000089b00000, 0x0000000089a00000| Complete 
| 117|0x0000000089b00000, 0x0000000089b00000, 0x0000000089c00000|  0%| F|  |TAMS 0x0000000089b00000, 0x0000000089b00000| Untracked 
| 118|0x0000000089c00000, 0x0000000089d00000, 0x0000000089d00000|100%| O|  |TAMS 0x0000000089d00000, 0x0000000089c00000| Untracked 
| 119|0x0000000089d00000, 0x0000000089e00000, 0x0000000089e00000|100%| O|  |TAMS 0x0000000089e00000, 0x0000000089d00000| Untracked 
| 120|0x0000000089e00000, 0x0000000089f00000, 0x0000000089f00000|100%| O|  |TAMS 0x0000000089ee5e00, 0x0000000089e00000| Untracked 
| 121|0x0000000089f00000, 0x0000000089f00000, 0x000000008a000000|  0%| F|  |TAMS 0x0000000089f00000, 0x0000000089f00000| Untracked 
| 122|0x000000008a000000, 0x000000008a000000, 0x000000008a100000|  0%| F|  |TAMS 0x000000008a000000, 0x000000008a000000| Untracked 
| 123|0x000000008a100000, 0x000000008a100000, 0x000000008a200000|  0%| F|  |TAMS 0x000000008a100000, 0x000000008a100000| Untracked 
| 124|0x000000008a200000, 0x000000008a200000, 0x000000008a300000|  0%| F|  |TAMS 0x000000008a200000, 0x000000008a200000| Untracked 
| 125|0x000000008a300000, 0x000000008a300000, 0x000000008a400000|  0%| F|  |TAMS 0x000000008a300000, 0x000000008a300000| Untracked 
| 126|0x000000008a400000, 0x000000008a400000, 0x000000008a500000|  0%| F|  |TAMS 0x000000008a400000, 0x000000008a400000| Untracked 
| 127|0x000000008a500000, 0x000000008a500000, 0x000000008a600000|  0%| F|  |TAMS 0x000000008a500000, 0x000000008a500000| Untracked 
| 128|0x000000008a600000, 0x000000008a600000, 0x000000008a700000|  0%| F|  |TAMS 0x000000008a600000, 0x000000008a600000| Untracked 
| 129|0x000000008a700000, 0x000000008a700000, 0x000000008a800000|  0%| F|  |TAMS 0x000000008a700000, 0x000000008a700000| Untracked 
| 130|0x000000008a800000, 0x000000008a800000, 0x000000008a900000|  0%| F|  |TAMS 0x000000008a800000, 0x000000008a800000| Untracked 
| 131|0x000000008a900000, 0x000000008a900000, 0x000000008aa00000|  0%| F|  |TAMS 0x000000008a900000, 0x000000008a900000| Untracked 
| 132|0x000000008aa00000, 0x000000008aa00000, 0x000000008ab00000|  0%| F|  |TAMS 0x000000008aa00000, 0x000000008aa00000| Untracked 
| 133|0x000000008ab00000, 0x000000008ab00000, 0x000000008ac00000|  0%| F|  |TAMS 0x000000008ab00000, 0x000000008ab00000| Untracked 
| 134|0x000000008ac00000, 0x000000008ac00000, 0x000000008ad00000|  0%| F|  |TAMS 0x000000008ac00000, 0x000000008ac00000| Untracked 
| 135|0x000000008ad00000, 0x000000008ad00000, 0x000000008ae00000|  0%| F|  |TAMS 0x000000008ad00000, 0x000000008ad00000| Untracked 
| 136|0x000000008ae00000, 0x000000008ae00000, 0x000000008af00000|  0%| F|  |TAMS 0x000000008ae00000, 0x000000008ae00000| Untracked 
| 137|0x000000008af00000, 0x000000008af00000, 0x000000008b000000|  0%| F|  |TAMS 0x000000008af00000, 0x000000008af00000| Untracked 
| 138|0x000000008b000000, 0x000000008b000000, 0x000000008b100000|  0%| F|  |TAMS 0x000000008b000000, 0x000000008b000000| Untracked 
| 139|0x000000008b100000, 0x000000008b100000, 0x000000008b200000|  0%| F|  |TAMS 0x000000008b100000, 0x000000008b100000| Untracked 
| 140|0x000000008b200000, 0x000000008b200000, 0x000000008b300000|  0%| F|  |TAMS 0x000000008b200000, 0x000000008b200000| Untracked 
| 141|0x000000008b300000, 0x000000008b300000, 0x000000008b400000|  0%| F|  |TAMS 0x000000008b300000, 0x000000008b300000| Untracked 
| 142|0x000000008b400000, 0x000000008b400000, 0x000000008b500000|  0%| F|  |TAMS 0x000000008b400000, 0x000000008b400000| Untracked 
| 143|0x000000008b500000, 0x000000008b500000, 0x000000008b600000|  0%| F|  |TAMS 0x000000008b500000, 0x000000008b500000| Untracked 
| 144|0x000000008b600000, 0x000000008b600000, 0x000000008b700000|  0%| F|  |TAMS 0x000000008b600000, 0x000000008b600000| Untracked 
| 145|0x000000008b700000, 0x000000008b700000, 0x000000008b800000|  0%| F|  |TAMS 0x000000008b700000, 0x000000008b700000| Untracked 
| 146|0x000000008b800000, 0x000000008b800000, 0x000000008b900000|  0%| F|  |TAMS 0x000000008b800000, 0x000000008b800000| Untracked 
| 147|0x000000008b900000, 0x000000008b900000, 0x000000008ba00000|  0%| F|  |TAMS 0x000000008b900000, 0x000000008b900000| Untracked 
| 148|0x000000008ba00000, 0x000000008ba00000, 0x000000008bb00000|  0%| F|  |TAMS 0x000000008ba00000, 0x000000008ba00000| Untracked 
| 149|0x000000008bb00000, 0x000000008bb00000, 0x000000008bc00000|  0%| F|  |TAMS 0x000000008bb00000, 0x000000008bb00000| Untracked 
| 150|0x000000008bc00000, 0x000000008bc00000, 0x000000008bd00000|  0%| F|  |TAMS 0x000000008bc00000, 0x000000008bc00000| Untracked 
| 151|0x000000008bd00000, 0x000000008bd00000, 0x000000008be00000|  0%| F|  |TAMS 0x000000008bd00000, 0x000000008bd00000| Untracked 
| 152|0x000000008be00000, 0x000000008be00000, 0x000000008bf00000|  0%| F|  |TAMS 0x000000008be00000, 0x000000008be00000| Untracked 
| 153|0x000000008bf00000, 0x000000008bf00000, 0x000000008c000000|  0%| F|  |TAMS 0x000000008bf00000, 0x000000008bf00000| Untracked 
| 154|0x000000008c000000, 0x000000008c000000, 0x000000008c100000|  0%| F|  |TAMS 0x000000008c000000, 0x000000008c000000| Untracked 
| 155|0x000000008c100000, 0x000000008c100000, 0x000000008c200000|  0%| F|  |TAMS 0x000000008c100000, 0x000000008c100000| Untracked 
| 156|0x000000008c200000, 0x000000008c200000, 0x000000008c300000|  0%| F|  |TAMS 0x000000008c200000, 0x000000008c200000| Untracked 
| 157|0x000000008c300000, 0x000000008c300000, 0x000000008c400000|  0%| F|  |TAMS 0x000000008c300000, 0x000000008c300000| Untracked 
| 158|0x000000008c400000, 0x000000008c400000, 0x000000008c500000|  0%| F|  |TAMS 0x000000008c400000, 0x000000008c400000| Untracked 
| 159|0x000000008c500000, 0x000000008c500000, 0x000000008c600000|  0%| F|  |TAMS 0x000000008c500000, 0x000000008c500000| Untracked 
| 160|0x000000008c600000, 0x000000008c600000, 0x000000008c700000|  0%| F|  |TAMS 0x000000008c600000, 0x000000008c600000| Untracked 
| 161|0x000000008c700000, 0x000000008c700000, 0x000000008c800000|  0%| F|  |TAMS 0x000000008c700000, 0x000000008c700000| Untracked 
| 162|0x000000008c800000, 0x000000008c800000, 0x000000008c900000|  0%| F|  |TAMS 0x000000008c800000, 0x000000008c800000| Untracked 
| 163|0x000000008c900000, 0x000000008c900000, 0x000000008ca00000|  0%| F|  |TAMS 0x000000008c900000, 0x000000008c900000| Untracked 
| 164|0x000000008ca00000, 0x000000008ca00000, 0x000000008cb00000|  0%| F|  |TAMS 0x000000008ca00000, 0x000000008ca00000| Untracked 
| 165|0x000000008cb00000, 0x000000008cb00000, 0x000000008cc00000|  0%| F|  |TAMS 0x000000008cb00000, 0x000000008cb00000| Untracked 
| 166|0x000000008cc00000, 0x000000008cc00000, 0x000000008cd00000|  0%| F|  |TAMS 0x000000008cc00000, 0x000000008cc00000| Untracked 
| 167|0x000000008cd00000, 0x000000008cd00000, 0x000000008ce00000|  0%| F|  |TAMS 0x000000008cd00000, 0x000000008cd00000| Untracked 
| 168|0x000000008ce00000, 0x000000008ce00000, 0x000000008cf00000|  0%| F|  |TAMS 0x000000008ce00000, 0x000000008ce00000| Untracked 
| 169|0x000000008cf00000, 0x000000008cf00000, 0x000000008d000000|  0%| F|  |TAMS 0x000000008cf00000, 0x000000008cf00000| Untracked 
| 170|0x000000008d000000, 0x000000008d000000, 0x000000008d100000|  0%| F|  |TAMS 0x000000008d000000, 0x000000008d000000| Untracked 
| 171|0x000000008d100000, 0x000000008d100000, 0x000000008d200000|  0%| F|  |TAMS 0x000000008d100000, 0x000000008d100000| Untracked 
| 172|0x000000008d200000, 0x000000008d200000, 0x000000008d300000|  0%| F|  |TAMS 0x000000008d200000, 0x000000008d200000| Untracked 
| 173|0x000000008d300000, 0x000000008d300000, 0x000000008d400000|  0%| F|  |TAMS 0x000000008d300000, 0x000000008d300000| Untracked 
| 174|0x000000008d400000, 0x000000008d400000, 0x000000008d500000|  0%| F|  |TAMS 0x000000008d400000, 0x000000008d400000| Untracked 
| 175|0x000000008d500000, 0x000000008d500000, 0x000000008d600000|  0%| F|  |TAMS 0x000000008d500000, 0x000000008d500000| Untracked 
| 176|0x000000008d600000, 0x000000008d600000, 0x000000008d700000|  0%| F|  |TAMS 0x000000008d600000, 0x000000008d600000| Untracked 
| 177|0x000000008d700000, 0x000000008d700000, 0x000000008d800000|  0%| F|  |TAMS 0x000000008d700000, 0x000000008d700000| Untracked 
| 178|0x000000008d800000, 0x000000008d800000, 0x000000008d900000|  0%| F|  |TAMS 0x000000008d800000, 0x000000008d800000| Untracked 
| 179|0x000000008d900000, 0x000000008d900000, 0x000000008da00000|  0%| F|  |TAMS 0x000000008d900000, 0x000000008d900000| Untracked 
| 180|0x000000008da00000, 0x000000008da00000, 0x000000008db00000|  0%| F|  |TAMS 0x000000008da00000, 0x000000008da00000| Untracked 
| 181|0x000000008db00000, 0x000000008db00000, 0x000000008dc00000|  0%| F|  |TAMS 0x000000008db00000, 0x000000008db00000| Untracked 
| 182|0x000000008dc00000, 0x000000008dc00000, 0x000000008dd00000|  0%| F|  |TAMS 0x000000008dc00000, 0x000000008dc00000| Untracked 
| 183|0x000000008dd00000, 0x000000008dd00000, 0x000000008de00000|  0%| F|  |TAMS 0x000000008dd00000, 0x000000008dd00000| Untracked 
| 184|0x000000008de00000, 0x000000008de00000, 0x000000008df00000|  0%| F|  |TAMS 0x000000008de00000, 0x000000008de00000| Untracked 
| 185|0x000000008df00000, 0x000000008df00000, 0x000000008e000000|  0%| F|  |TAMS 0x000000008df00000, 0x000000008df00000| Untracked 
| 186|0x000000008e000000, 0x000000008e000000, 0x000000008e100000|  0%| F|  |TAMS 0x000000008e000000, 0x000000008e000000| Untracked 
| 187|0x000000008e100000, 0x000000008e100000, 0x000000008e200000|  0%| F|  |TAMS 0x000000008e100000, 0x000000008e100000| Untracked 
| 188|0x000000008e200000, 0x000000008e200000, 0x000000008e300000|  0%| F|  |TAMS 0x000000008e200000, 0x000000008e200000| Untracked 
| 189|0x000000008e300000, 0x000000008e300000, 0x000000008e400000|  0%| F|  |TAMS 0x000000008e300000, 0x000000008e300000| Untracked 
| 190|0x000000008e400000, 0x000000008e400000, 0x000000008e500000|  0%| F|  |TAMS 0x000000008e400000, 0x000000008e400000| Untracked 
| 191|0x000000008e500000, 0x000000008e500000, 0x000000008e600000|  0%| F|  |TAMS 0x000000008e500000, 0x000000008e500000| Untracked 
| 192|0x000000008e600000, 0x000000008e600000, 0x000000008e700000|  0%| F|  |TAMS 0x000000008e600000, 0x000000008e600000| Untracked 
| 193|0x000000008e700000, 0x000000008e700000, 0x000000008e800000|  0%| F|  |TAMS 0x000000008e700000, 0x000000008e700000| Untracked 
| 194|0x000000008e800000, 0x000000008e800000, 0x000000008e900000|  0%| F|  |TAMS 0x000000008e800000, 0x000000008e800000| Untracked 
| 195|0x000000008e900000, 0x000000008e900000, 0x000000008ea00000|  0%| F|  |TAMS 0x000000008e900000, 0x000000008e900000| Untracked 
| 196|0x000000008ea00000, 0x000000008ea00000, 0x000000008eb00000|  0%| F|  |TAMS 0x000000008ea00000, 0x000000008ea00000| Untracked 
| 197|0x000000008eb00000, 0x000000008eb00000, 0x000000008ec00000|  0%| F|  |TAMS 0x000000008eb00000, 0x000000008eb00000| Untracked 
| 198|0x000000008ec00000, 0x000000008ece0700, 0x000000008ed00000| 87%| S|CS|TAMS 0x000000008ec00000, 0x000000008ec00000| Complete 
| 199|0x000000008ed00000, 0x000000008ee00000, 0x000000008ee00000|100%| S|CS|TAMS 0x000000008ed00000, 0x000000008ed00000| Complete 
| 200|0x000000008ee00000, 0x000000008ee00000, 0x000000008ef00000|  0%| F|  |TAMS 0x000000008ee00000, 0x000000008ee00000| Untracked 
| 201|0x000000008ef00000, 0x000000008ef00000, 0x000000008f000000|  0%| F|  |TAMS 0x000000008ef00000, 0x000000008ef00000| Untracked 
| 202|0x000000008f000000, 0x000000008f000000, 0x000000008f100000|  0%| F|  |TAMS 0x000000008f000000, 0x000000008f000000| Untracked 
| 203|0x000000008f100000, 0x000000008f100000, 0x000000008f200000|  0%| F|  |TAMS 0x000000008f100000, 0x000000008f100000| Untracked 
| 204|0x000000008f200000, 0x000000008f200000, 0x000000008f300000|  0%| F|  |TAMS 0x000000008f200000, 0x000000008f200000| Untracked 
| 205|0x000000008f300000, 0x000000008f300000, 0x000000008f400000|  0%| F|  |TAMS 0x000000008f300000, 0x000000008f300000| Untracked 
| 206|0x000000008f400000, 0x000000008f400000, 0x000000008f500000|  0%| F|  |TAMS 0x000000008f400000, 0x000000008f400000| Untracked 

Card table byte_map: [0x000001a567710000,0x000001a567b00000] _byte_map_base: 0x000001a5672fd000

Marking Bits (Prev, Next): (CMBitMap*) 0x000001a54f6994b0, (CMBitMap*) 0x000001a54f699478
 Prev Bits: [0x000001a569e60000, 0x000001a56bdc8000)
 Next Bits: [0x000001a567ef0000, 0x000001a569e58000)

Polling page: 0x000001a54d5b0000

Metaspace:

Usage:
  Non-class:     78.15 MB capacity,    77.61 MB (>99%) used,   400.88 KB ( <1%) free+waste,   149.44 KB ( <1%) overhead. 
      Class:      9.49 MB capacity,     9.09 MB ( 96%) used,   343.19 KB (  4%) free+waste,    61.19 KB ( <1%) overhead. 
       Both:     87.63 MB capacity,    86.70 MB ( 99%) used,   744.06 KB ( <1%) free+waste,   210.63 KB ( <1%) overhead. 

Virtual space:
  Non-class space:       80.00 MB reserved,      78.18 MB ( 98%) committed 
      Class space:        1.00 GB reserved,       9.57 MB ( <1%) committed 
             Both:        1.08 GB reserved,      87.75 MB (  8%) committed 

Chunk freelists:
   Non-Class:  28.00 KB
       Class:  15.00 KB
        Both:  43.00 KB

MaxMetaspaceSize: 17179869184.00 GB
CompressedClassSpaceSize: 1.00 GB
Initial GC threshold: 20.80 MB
Current GC threshold: 144.79 MB
CDS: off

CodeHeap 'non-profiled nmethods': size=120000Kb used=8850Kb max_used=8850Kb free=111149Kb
 bounds [0x000001a55f8a0000, 0x000001a560150000, 0x000001a566dd0000]
CodeHeap 'profiled nmethods': size=120000Kb used=49550Kb max_used=49550Kb free=70449Kb
 bounds [0x000001a558370000, 0x000001a55b3e0000, 0x000001a55f8a0000]
CodeHeap 'non-nmethods': size=5760Kb used=1404Kb max_used=1438Kb free=4355Kb
 bounds [0x000001a557dd0000, 0x000001a558040000, 0x000001a558370000]
 total_blobs=17155 nmethods=16451 adapters=610
 compilation: enabled
              stopped_count=0, restarted_count=0
 full_count=0

Compilation events (20 events):
Event: 163.369 Thread 0x000001a56f3d9800 nmethod 17945 0x000001a55b3d1590 code [0x000001a55b3d1740, 0x000001a55b3d1998]
Event: 163.369 Thread 0x000001a56f3d9800 17946       1       org.jetbrains.kotlin.ir.expressions.impl.IrFunctionExpressionImpl::getType (5 bytes)
Event: 163.369 Thread 0x000001a56f3d9800 nmethod 17946 0x000001a560144890 code [0x000001a560144a40, 0x000001a560144af8]
Event: 163.369 Thread 0x000001a56f3d9800 17947       2       org.jetbrains.kotlin.backend.common.lower.ProvisionalFunctionExpressionLowering::visitCall (40 bytes)
Event: 163.371 Thread 0x000001a56f3d9800 nmethod 17947 0x000001a55b3d1a10 code [0x000001a55b3d1d20, 0x000001a55b3d2788]
Event: 163.371 Thread 0x000001a56f3d9800 17948       2       org.jetbrains.kotlin.ir.visitors.IrElementTransformer$DefaultImpls::visitBranch (15 bytes)
Event: 163.373 Thread 0x000001a56f3d9800 nmethod 17948 0x000001a55b3d2e10 code [0x000001a55b3d31c0, 0x000001a55b3d3e18]
Event: 163.373 Thread 0x000001a56f3d9800 17949       2       org.jetbrains.kotlin.ir.visitors.IrElementVisitorVoid$DefaultImpls::visitFunctionReference (14 bytes)
Event: 163.373 Thread 0x000001a56f3d9800 nmethod 17949 0x000001a55b3d4690 code [0x000001a55b3d4880, 0x000001a55b3d4b28]
Event: 163.373 Thread 0x000001a56f3d9800 17950       2       org.jetbrains.kotlin.ir.visitors.IrElementVisitorVoid$DefaultImpls::visitFunctionReference (17 bytes)
Event: 163.373 Thread 0x000001a56f3d9800 nmethod 17950 0x000001a55b3d4d10 code [0x000001a55b3d4f00, 0x000001a55b3d51a8]
Event: 163.374 Thread 0x000001a56f3d9800 17951       2       org.jetbrains.kotlin.ir.visitors.IrElementVisitorVoid$DefaultImpls::visitCallableReference (17 bytes)
Event: 163.374 Thread 0x000001a56f3d9800 nmethod 17951 0x000001a55b3d5390 code [0x000001a55b3d5580, 0x000001a55b3d5828]
Event: 163.374 Thread 0x000001a56f3d9800 17954       2       org.jetbrains.kotlin.backend.common.lower.InventNamesForLocalClasses$NameInventor::visitValueAccess (13 bytes)
Event: 163.375 Thread 0x000001a56f3d9800 nmethod 17954 0x000001a55b3d5a10 code [0x000001a55b3d5c20, 0x000001a55b3d5f58]
Event: 163.375 Thread 0x000001a56f3d9800 17955       2       org.jetbrains.kotlin.backend.common.lower.InventNamesForLocalClasses$NameInventor::visitValueAccess (8 bytes)
Event: 163.375 Thread 0x000001a56f3d9800 nmethod 17955 0x000001a55b3d6210 code [0x000001a55b3d6440, 0x000001a55b3d6848]
Event: 163.375 Thread 0x000001a56f3d9800 17952       2       org.jetbrains.kotlin.backend.common.lower.InventNamesForLocalClasses$NameInventor::visitCall (13 bytes)
Event: 163.376 Thread 0x000001a56f3d9800 nmethod 17952 0x000001a55b3d6b90 code [0x000001a55b3d6da0, 0x000001a55b3d70d8]
Event: 163.376 Thread 0x000001a56f3d9800 17953       2       org.jetbrains.kotlin.backend.common.lower.InventNamesForLocalClasses$NameInventor::visitCall (8 bytes)

GC Heap History (20 events):
Event: 154.360 GC heap after
{Heap after GC invocations=52 (full 0):
 garbage-first heap   total 129024K, used 109483K [0x0000000082600000, 0x0000000100000000)
  region size 1024K, 1 young (1024K), 1 survivors (1024K)
 Metaspace       used 78774K, capacity 79703K, committed 79872K, reserved 1120256K
  class space    used 8340K, capacity 8715K, committed 8780K, reserved 1048576K
}
Event: 154.427 GC heap before
{Heap before GC invocations=52 (full 0):
 garbage-first heap   total 129024K, used 114603K [0x0000000082600000, 0x0000000100000000)
  region size 1024K, 6 young (6144K), 1 survivors (1024K)
 Metaspace       used 78812K, capacity 79703K, committed 79872K, reserved 1120256K
  class space    used 8342K, capacity 8715K, committed 8780K, reserved 1048576K
}
Event: 154.441 GC heap after
{Heap after GC invocations=53 (full 0):
 garbage-first heap   total 155648K, used 110625K [0x0000000082600000, 0x0000000100000000)
  region size 1024K, 1 young (1024K), 1 survivors (1024K)
 Metaspace       used 78812K, capacity 79703K, committed 79872K, reserved 1120256K
  class space    used 8342K, capacity 8715K, committed 8780K, reserved 1048576K
}
Event: 154.720 GC heap before
{Heap before GC invocations=54 (full 0):
 garbage-first heap   total 155648K, used 121889K [0x0000000082600000, 0x0000000100000000)
  region size 1024K, 12 young (12288K), 1 survivors (1024K)
 Metaspace       used 78893K, capacity 79831K, committed 80128K, reserved 1120256K
  class space    used 8343K, capacity 8715K, committed 8780K, reserved 1048576K
}
Event: 154.734 GC heap after
{Heap after GC invocations=55 (full 0):
 garbage-first heap   total 155648K, used 113283K [0x0000000082600000, 0x0000000100000000)
  region size 1024K, 2 young (2048K), 2 survivors (2048K)
 Metaspace       used 78893K, capacity 79831K, committed 80128K, reserved 1120256K
  class space    used 8343K, capacity 8715K, committed 8780K, reserved 1048576K
}
Event: 155.032 GC heap before
{Heap before GC invocations=55 (full 0):
 garbage-first heap   total 155648K, used 124547K [0x0000000082600000, 0x0000000100000000)
  region size 1024K, 13 young (13312K), 2 survivors (2048K)
 Metaspace       used 79211K, capacity 80119K, committed 80384K, reserved 1120256K
  class space    used 8376K, capacity 8747K, committed 8780K, reserved 1048576K
}
Event: 155.042 GC heap after
{Heap after GC invocations=56 (full 0):
 garbage-first heap   total 155648K, used 116062K [0x0000000082600000, 0x0000000100000000)
  region size 1024K, 2 young (2048K), 2 survivors (2048K)
 Metaspace       used 79211K, capacity 80119K, committed 80384K, reserved 1120256K
  class space    used 8376K, capacity 8747K, committed 8780K, reserved 1048576K
}
Event: 156.256 GC heap before
{Heap before GC invocations=57 (full 0):
 garbage-first heap   total 155648K, used 126302K [0x0000000082600000, 0x0000000100000000)
  region size 1024K, 12 young (12288K), 2 survivors (2048K)
 Metaspace       used 80385K, capacity 81306K, committed 81664K, reserved 1122304K
  class space    used 8519K, capacity 8908K, committed 9036K, reserved 1048576K
}
Event: 156.271 GC heap after
{Heap after GC invocations=58 (full 0):
 garbage-first heap   total 155648K, used 120538K [0x0000000082600000, 0x0000000100000000)
  region size 1024K, 2 young (2048K), 2 survivors (2048K)
 Metaspace       used 80385K, capacity 81306K, committed 81664K, reserved 1122304K
  class space    used 8519K, capacity 8908K, committed 9036K, reserved 1048576K
}
Event: 157.077 GC heap before
{Heap before GC invocations=58 (full 0):
 garbage-first heap   total 155648K, used 128730K [0x0000000082600000, 0x0000000100000000)
  region size 1024K, 10 young (10240K), 2 survivors (2048K)
 Metaspace       used 81653K, capacity 82586K, committed 82816K, reserved 1122304K
  class space    used 8644K, capacity 9036K, committed 9164K, reserved 1048576K
}
Event: 157.087 GC heap after
{Heap after GC invocations=59 (full 0):
 garbage-first heap   total 211968K, used 121340K [0x0000000082600000, 0x0000000100000000)
  region size 1024K, 1 young (1024K), 1 survivors (1024K)
 Metaspace       used 81653K, capacity 82586K, committed 82816K, reserved 1122304K
  class space    used 8644K, capacity 9036K, committed 9164K, reserved 1048576K
}
Event: 160.590 GC heap before
{Heap before GC invocations=60 (full 0):
 garbage-first heap   total 211968K, used 142844K [0x0000000082600000, 0x0000000100000000)
  region size 1024K, 25 young (25600K), 1 survivors (1024K)
 Metaspace       used 84840K, capacity 85786K, committed 85888K, reserved 1126400K
  class space    used 8980K, capacity 9356K, committed 9420K, reserved 1048576K
}
Event: 161.170 GC heap after
{Heap after GC invocations=61 (full 0):
 garbage-first heap   total 211968K, used 120310K [0x0000000082600000, 0x0000000100000000)
  region size 1024K, 2 young (2048K), 2 survivors (2048K)
 Metaspace       used 84840K, capacity 85786K, committed 85888K, reserved 1126400K
  class space    used 8980K, capacity 9356K, committed 9420K, reserved 1048576K
}
Event: 161.604 GC heap before
{Heap before GC invocations=61 (full 0):
 garbage-first heap   total 211968K, used 127478K [0x0000000082600000, 0x0000000100000000)
  region size 1024K, 10 young (10240K), 2 survivors (2048K)
 Metaspace       used 85845K, capacity 86781K, committed 87040K, reserved 1126400K
  class space    used 9066K, capacity 9453K, committed 9548K, reserved 1048576K
}
Event: 161.637 GC heap after
{Heap after GC invocations=62 (full 0):
 garbage-first heap   total 211968K, used 117510K [0x0000000082600000, 0x0000000100000000)
  region size 1024K, 2 young (2048K), 2 survivors (2048K)
 Metaspace       used 85845K, capacity 86781K, committed 87040K, reserved 1126400K
  class space    used 9066K, capacity 9453K, committed 9548K, reserved 1048576K
}
Event: 162.448 GC heap before
{Heap before GC invocations=62 (full 0):
 garbage-first heap   total 211968K, used 146182K [0x0000000082600000, 0x0000000100000000)
  region size 1024K, 30 young (30720K), 2 survivors (2048K)
 Metaspace       used 87611K, capacity 88553K, committed 88704K, reserved 1128448K
  class space    used 9230K, capacity 9617K, committed 9676K, reserved 1048576K
}
Event: 162.457 GC heap after
{Heap after GC invocations=63 (full 0):
 garbage-first heap   total 211968K, used 119014K [0x0000000082600000, 0x0000000100000000)
  region size 1024K, 4 young (4096K), 4 survivors (4096K)
 Metaspace       used 87611K, capacity 88553K, committed 88704K, reserved 1128448K
  class space    used 9230K, capacity 9617K, committed 9676K, reserved 1048576K
}
Event: 163.176 GC heap before
{Heap before GC invocations=64 (full 0):
 garbage-first heap   total 211968K, used 149734K [0x0000000082600000, 0x0000000100000000)
  region size 1024K, 34 young (34816K), 4 survivors (4096K)
 Metaspace       used 88658K, capacity 89577K, committed 89856K, reserved 1130496K
  class space    used 9298K, capacity 9681K, committed 9804K, reserved 1048576K
}
Event: 163.196 GC heap after
{Heap after GC invocations=65 (full 0):
 garbage-first heap   total 211968K, used 120074K [0x0000000082600000, 0x0000000100000000)
  region size 1024K, 3 young (3072K), 3 survivors (3072K)
 Metaspace       used 88658K, capacity 89577K, committed 89856K, reserved 1130496K
  class space    used 9298K, capacity 9681K, committed 9804K, reserved 1048576K
}
Event: 163.376 GC heap before
{Heap before GC invocations=65 (full 0):
 garbage-first heap   total 211968K, used 127242K [0x0000000082600000, 0x0000000100000000)
  region size 1024K, 10 young (10240K), 3 survivors (3072K)
 Metaspace       used 88782K, capacity 89737K, committed 89856K, reserved 1130496K
  class space    used 9308K, capacity 9713K, committed 9804K, reserved 1048576K
}

Deoptimization events (20 events):
Event: 163.040 Thread 0x000001a54f658800 Uncommon trap: trap_request=0xffffffc6 fr.pc=0x000001a560119e9c relative=0x000000000000071c
Event: 163.040 Thread 0x000001a54f658800 Uncommon trap: reason=bimorphic_or_optimized_type_check action=maybe_recompile pc=0x000001a560119e9c method=org.jetbrains.kotlin.ir.util.AdditionalIrUtilsKt.hasEqualFqName(Lorg/jetbrains/kotlin/ir/declarations/IrDeclarationWithName;Lorg/jetbrains/kotlin/n
Event: 163.040 Thread 0x000001a54f658800 DEOPT PACKING pc=0x000001a560119e9c sp=0x0000003f8e6fd130
Event: 163.040 Thread 0x000001a54f658800 DEOPT UNPACKING pc=0x000001a557e1a1af sp=0x0000003f8e6fd108 mode 2
Event: 163.056 Thread 0x000001a54f658800 Uncommon trap: trap_request=0xffffffc6 fr.pc=0x000001a560119e9c relative=0x000000000000071c
Event: 163.056 Thread 0x000001a54f658800 Uncommon trap: reason=bimorphic_or_optimized_type_check action=maybe_recompile pc=0x000001a560119e9c method=org.jetbrains.kotlin.ir.util.AdditionalIrUtilsKt.hasEqualFqName(Lorg/jetbrains/kotlin/ir/declarations/IrDeclarationWithName;Lorg/jetbrains/kotlin/n
Event: 163.056 Thread 0x000001a54f658800 DEOPT PACKING pc=0x000001a560119e9c sp=0x0000003f8e6fc0b0
Event: 163.056 Thread 0x000001a54f658800 DEOPT UNPACKING pc=0x000001a557e1a1af sp=0x0000003f8e6fc088 mode 2
Event: 163.063 Thread 0x000001a54f658800 Uncommon trap: trap_request=0xffffffc6 fr.pc=0x000001a560119e9c relative=0x000000000000071c
Event: 163.063 Thread 0x000001a54f658800 Uncommon trap: reason=bimorphic_or_optimized_type_check action=maybe_recompile pc=0x000001a560119e9c method=org.jetbrains.kotlin.ir.util.AdditionalIrUtilsKt.hasEqualFqName(Lorg/jetbrains/kotlin/ir/declarations/IrDeclarationWithName;Lorg/jetbrains/kotlin/n
Event: 163.063 Thread 0x000001a54f658800 DEOPT PACKING pc=0x000001a560119e9c sp=0x0000003f8e6fc0b0
Event: 163.063 Thread 0x000001a54f658800 DEOPT UNPACKING pc=0x000001a557e1a1af sp=0x0000003f8e6fc088 mode 2
Event: 163.214 Thread 0x000001a54f658800 Uncommon trap: trap_request=0xffffffde fr.pc=0x000001a5600e5010 relative=0x00000000000012f0
Event: 163.214 Thread 0x000001a54f658800 Uncommon trap: reason=class_check action=maybe_recompile pc=0x000001a5600e5010 method=org.jetbrains.kotlin.ir.util.TypeTranslator.isMutabilityFlexible(Lorg/jetbrains/kotlin/types/KotlinType;)Z @ 42 c2
Event: 163.214 Thread 0x000001a54f658800 DEOPT PACKING pc=0x000001a5600e5010 sp=0x0000003f8e6fc540
Event: 163.214 Thread 0x000001a54f658800 DEOPT UNPACKING pc=0x000001a557e1a1af sp=0x0000003f8e6fc4e0 mode 2
Event: 163.277 Thread 0x000001a54f658800 Uncommon trap: trap_request=0xffffff4d fr.pc=0x000001a55f9f271c relative=0x00000000000003fc
Event: 163.277 Thread 0x000001a54f658800 Uncommon trap: reason=unstable_if action=reinterpret pc=0x000001a55f9f271c method=org.jetbrains.kotlin.ir.util.TransformKt.replaceInPlace(Ljava/util/List;Ljava/util/List;I)I @ 44 c2
Event: 163.277 Thread 0x000001a54f658800 DEOPT PACKING pc=0x000001a55f9f271c sp=0x0000003f8e6fd290
Event: 163.277 Thread 0x000001a54f658800 DEOPT UNPACKING pc=0x000001a557e1a1af sp=0x0000003f8e6fd258 mode 2

Classes redefined (0 events):
No events

Internal exceptions (20 events):
Event: 106.796 Thread 0x000001a54f658800 Exception <a 'java/lang/NoSuchMethodError'{0x000000008a197470}: 'java.lang.Object java.lang.invoke.DirectMethodHandle$Holder.invokeSpecial(java.lang.Object, java.lang.Object, int, java.lang.Object, java.lang.Object)'> (0x000000008a197470) thrown at [s\src\hotspot\share\interpreter\linkResolver.cpp, line 773]
Event: 115.040 Thread 0x000001a54f658800 Implicit null exception at 0x000001a55fe5c094 to 0x000001a55fe5de44
Event: 120.171 Thread 0x000001a54f658800 Implicit null exception at 0x000001a55febd67c to 0x000001a55febf2e4
Event: 126.414 Thread 0x000001a54f658800 Implicit null exception at 0x000001a55ff0d1e4 to 0x000001a55ff0d2e4
Event: 137.018 Thread 0x000001a54f658800 Implicit null exception at 0x000001a55fe622fd to 0x000001a55fe626d4
Event: 150.261 Thread 0x000001a54f658800 Exception <a 'java/lang/NoSuchMethodError'{0x0000000089b05f38}: 'java.lang.Object java.lang.invoke.DirectMethodHandle$Holder.invokeStaticInit(java.lang.Object, java.lang.Object, java.lang.Object, java.lang.Object)'> (0x0000000089b05f38) thrown at [s\src\hotspot\share\interpreter\linkResolver.cpp, line 773]
Event: 152.303 Thread 0x000001a54f658800 Exception <a 'java/lang/NoSuchMethodError'{0x0000000089ce8368}: 'java.lang.Object java.lang.invoke.DirectMethodHandle$Holder.invokeStatic(java.lang.Object, java.lang.Object, java.lang.Object, int, int, java.lang.Object, java.lang.Object, java.lang.Object)'> (0x0000000089ce8368) thrown at [s\src\hotspot\share\interpreter\linkResolver.cpp, line 773]
Event: 152.327 Thread 0x000001a54f658800 Exception <a 'java/lang/NoSuchMethodError'{0x0000000089cf2930}: 'java.lang.Object java.lang.invoke.DirectMethodHandle$Holder.invokeStatic(java.lang.Object, java.lang.Object, java.lang.Object, int, int)'> (0x0000000089cf2930) thrown at [s\src\hotspot\share\interpreter\linkResolver.cpp, line 773]
Event: 152.328 Thread 0x000001a54f658800 Exception <a 'java/lang/NoSuchMethodError'{0x0000000089cf6110}: 'java.lang.Object java.lang.invoke.DirectMethodHandle$Holder.invokeSpecial(java.lang.Object, java.lang.Object, java.lang.Object, java.lang.Object, int, int)'> (0x0000000089cf6110) thrown at [s\src\hotspot\share\interpreter\linkResolver.cpp, line 773]
Event: 152.329 Thread 0x000001a54f658800 Exception <a 'java/lang/NoSuchMethodError'{0x0000000089cf9218}: 'java.lang.Object java.lang.invoke.Invokers$Holder.linkToTargetMethod(java.lang.Object, java.lang.Object, int, int, java.lang.Object)'> (0x0000000089cf9218) thrown at [s\src\hotspot\share\interpreter\linkResolver.cpp, line 773]
Event: 152.657 Thread 0x000001a54f658800 Exception <a 'java/lang/NoSuchMethodError'{0x0000000089aa8010}: 'java.lang.Object java.lang.invoke.DirectMethodHandle$Holder.invokeStatic(java.lang.Object, java.lang.Object, java.lang.Object, int, int, java.lang.Object, java.lang.Object, java.lang.Object, java.lang.Object)'> (0x0000000089aa8010) thrown at [s\src\hotspot\share\interpreter\linkResolver.cpp, line 773]
Event: 152.661 Thread 0x000001a54f658800 Exception <a 'java/lang/NoSuchMethodError'{0x0000000089abf0b0}: 'java.lang.Object java.lang.invoke.DirectMethodHandle$Holder.invokeStatic(java.lang.Object, java.lang.Object, java.lang.Object, int, int, java.lang.Object, java.lang.Object)'> (0x0000000089abf0b0) thrown at [s\src\hotspot\share\interpreter\linkResolver.cpp, line 773]
Event: 152.661 Thread 0x000001a54f658800 Exception <a 'java/lang/NoSuchMethodError'{0x0000000089ac2cc8}: 'java.lang.Object java.lang.invoke.DirectMethodHandle$Holder.invokeSpecial(java.lang.Object, java.lang.Object, java.lang.Object, java.lang.Object, int, int, java.lang.Object, java.lang.Object)'> (0x0000000089ac2cc8) thrown at [s\src\hotspot\share\interpreter\linkResolver.cpp, line 773]
Event: 152.662 Thread 0x000001a54f658800 Exception <a 'java/lang/NoSuchMethodError'{0x0000000089ac60d8}: 'java.lang.Object java.lang.invoke.Invokers$Holder.linkToTargetMethod(java.lang.Object, java.lang.Object, int, int, java.lang.Object, java.lang.Object, java.lang.Object)'> (0x0000000089ac60d8) thrown at [s\src\hotspot\share\interpreter\linkResolver.cpp, line 773]
Event: 152.901 Thread 0x000001a54f658800 Exception <a 'java/lang/NoSuchMethodError'{0x00000000899d7578}: 'java.lang.Object java.lang.invoke.DirectMethodHandle$Holder.invokeSpecial(java.lang.Object, java.lang.Object, int, int, java.lang.Object, java.lang.Object, java.lang.Object, java.lang.Object, java.lang.Object)'> (0x00000000899d7578) thrown at [s\src\hotspot\share\interpreter\linkResolver.cpp, line 773]
Event: 153.425 Thread 0x000001a54f658800 Implicit null exception at 0x000001a55f9096f4 to 0x000001a55f90990c
Event: 153.496 Thread 0x000001a54f658800 Exception <a 'java/lang/NoSuchMethodError'{0x000000008985b9f0}: 'java.lang.Object java.lang.invoke.DirectMethodHandle$Holder.invokeStatic(java.lang.Object, java.lang.Object, java.lang.Object, int, int, java.lang.Object)'> (0x000000008985b9f0) thrown at [s\src\hotspot\share\interpreter\linkResolver.cpp, line 773]
Event: 153.497 Thread 0x000001a54f658800 Exception <a 'java/lang/NoSuchMethodError'{0x000000008985f468}: 'java.lang.Object java.lang.invoke.DirectMethodHandle$Holder.invokeSpecial(java.lang.Object, java.lang.Object, java.lang.Object, java.lang.Object, int, int, java.lang.Object)'> (0x000000008985f468) thrown at [s\src\hotspot\share\interpreter\linkResolver.cpp, line 773]
Event: 153.497 Thread 0x000001a54f658800 Exception <a 'java/lang/NoSuchMethodError'{0x00000000898626e0}: 'java.lang.Object java.lang.invoke.Invokers$Holder.linkToTargetMethod(java.lang.Object, java.lang.Object, int, int, java.lang.Object, java.lang.Object)'> (0x00000000898626e0) thrown at [s\src\hotspot\share\interpreter\linkResolver.cpp, line 773]
Event: 153.887 Thread 0x000001a54f658800 Implicit null exception at 0x000001a56001c9cc to 0x000001a56001ca14

Events (20 events):
Event: 163.272 loading class org/jetbrains/kotlin/backend/jvm/lower/MoveOrCopyCompanionObjectFieldsLowering$handle$2 done
Event: 163.299 loading class org/jetbrains/kotlin/builtins/CompanionObjectMappingUtilsKt
Event: 163.299 loading class org/jetbrains/kotlin/builtins/CompanionObjectMappingUtilsKt done
Event: 163.303 loading class org/jetbrains/kotlin/backend/jvm/lower/ObjectClassLowering$process$6
Event: 163.303 loading class org/jetbrains/kotlin/backend/jvm/lower/ObjectClassLowering$process$6 done
Event: 163.304 loading class org/jetbrains/kotlin/backend/common/lower/InitializersCleanupLowering$transformFlat$1$1
Event: 163.304 loading class org/jetbrains/kotlin/backend/common/lower/InitializersCleanupLowering$transformFlat$1$1 done
Event: 163.311 loading class org/jetbrains/kotlin/backend/jvm/lower/BridgeLowering$Bridge
Event: 163.311 loading class org/jetbrains/kotlin/backend/jvm/lower/BridgeLowering$Bridge done
Event: 163.312 loading class org/jetbrains/kotlin/backend/jvm/ir/JvmIrTypeUtilsKt$collectVisibleTypeParameters$1
Event: 163.312 loading class org/jetbrains/kotlin/backend/jvm/ir/JvmIrTypeUtilsKt$collectVisibleTypeParameters$1 done
Event: 163.313 loading class org/jetbrains/kotlin/backend/jvm/ir/JvmIrTypeUtilsKt$collectVisibleTypeParameters$2
Event: 163.313 loading class org/jetbrains/kotlin/backend/jvm/ir/JvmIrTypeUtilsKt$collectVisibleTypeParameters$2 done
Event: 163.314 loading class org/jetbrains/kotlin/ir/expressions/IrStatementOrigin$BRIDGE_DELEGATION
Event: 163.314 loading class org/jetbrains/kotlin/ir/expressions/IrStatementOrigin$BRIDGE_DELEGATION done
Event: 163.355 loading class org/jetbrains/kotlin/backend/jvm/lower/SyntheticAccessorTransformer$FunctionKey
Event: 163.355 loading class org/jetbrains/kotlin/backend/jvm/lower/SyntheticAccessorTransformer$FunctionKey done
Event: 163.357 loading class org/jetbrains/kotlin/backend/jvm/JvmLoweredDeclarationOrigin$SYNTHETIC_MARKER_PARAMETER
Event: 163.357 loading class org/jetbrains/kotlin/backend/jvm/JvmLoweredDeclarationOrigin$SYNTHETIC_MARKER_PARAMETER done
Event: 163.376 Executing VM operation: G1CollectForAllocation


Dynamic libraries:
0x00007ff7616a0000 - 0x00007ff7616ad000 	C:\Program Files\Microsoft\jdk-11.0.20.8-hotspot\bin\java.exe
0x00007ffae31f0000 - 0x00007ffae33e8000 	C:\Windows\SYSTEM32\ntdll.dll
0x00007ffae1ad0000 - 0x00007ffae1b8d000 	C:\Windows\System32\KERNEL32.DLL
0x00007ffae0a40000 - 0x00007ffae0d36000 	C:\Windows\System32\KERNELBASE.dll
0x00007ffae0dd0000 - 0x00007ffae0ed0000 	C:\Windows\System32\ucrtbase.dll
0x00007ffabce30000 - 0x00007ffabce47000 	C:\Program Files\Microsoft\jdk-11.0.20.8-hotspot\bin\jli.dll
0x00007ffadd1b0000 - 0x00007ffadd1c5000 	C:\Program Files\Microsoft\jdk-11.0.20.8-hotspot\bin\VCRUNTIME140.dll
0x00007ffae3010000 - 0x00007ffae31af000 	C:\Windows\System32\USER32.dll
0x00007ffae0a10000 - 0x00007ffae0a32000 	C:\Windows\System32\win32u.dll
0x00007ffacbf70000 - 0x00007ffacc20a000 	C:\Windows\WinSxS\amd64_microsoft.windows.common-controls_6595b64144ccf1df_6.0.19041.3636_none_60b6a03d71f818d5\COMCTL32.dll
0x00007ffae1880000 - 0x00007ffae18ab000 	C:\Windows\System32\GDI32.dll
0x00007ffae17e0000 - 0x00007ffae187e000 	C:\Windows\System32\msvcrt.dll
0x00007ffae0fa0000 - 0x00007ffae10b7000 	C:\Windows\System32\gdi32full.dll
0x00007ffae0ed0000 - 0x00007ffae0f6d000 	C:\Windows\System32\msvcp_win.dll
0x00007ffae17a0000 - 0x00007ffae17d2000 	C:\Windows\System32\IMM32.DLL
0x00007ffaa2ce0000 - 0x00007ffaa2d7b000 	C:\Program Files\Microsoft\jdk-11.0.20.8-hotspot\bin\msvcp140.dll
0x00007ffa6a820000 - 0x00007ffa6b3b6000 	C:\Program Files\Microsoft\jdk-11.0.20.8-hotspot\bin\server\jvm.dll
0x00007ffae1400000 - 0x00007ffae14b0000 	C:\Windows\System32\ADVAPI32.dll
0x00007ffae2f70000 - 0x00007ffae3010000 	C:\Windows\System32\sechost.dll
0x00007ffae14b0000 - 0x00007ffae15d3000 	C:\Windows\System32\RPCRT4.dll
0x00007ffae0f70000 - 0x00007ffae0f97000 	C:\Windows\System32\bcrypt.dll
0x00007ffae2f00000 - 0x00007ffae2f08000 	C:\Windows\System32\PSAPI.DLL
0x00007ffadb630000 - 0x00007ffadb639000 	C:\Windows\SYSTEM32\WSOCK32.dll
0x00007ffad3330000 - 0x00007ffad3357000 	C:\Windows\SYSTEM32\WINMM.dll
0x00007ffae2300000 - 0x00007ffae236b000 	C:\Windows\System32\WS2_32.dll
0x00007ffad9c60000 - 0x00007ffad9c6a000 	C:\Windows\SYSTEM32\VERSION.dll
0x00007ffade730000 - 0x00007ffade742000 	C:\Windows\SYSTEM32\kernel.appcore.dll
0x00007ffadd430000 - 0x00007ffadd440000 	C:\Program Files\Microsoft\jdk-11.0.20.8-hotspot\bin\verify.dll
0x00007ffad1670000 - 0x00007ffad1854000 	C:\Windows\SYSTEM32\DBGHELP.DLL
0x00007ffabb250000 - 0x00007ffabb284000 	C:\Windows\SYSTEM32\dbgcore.DLL
0x00007ffae0d40000 - 0x00007ffae0dc2000 	C:\Windows\System32\bcryptPrimitives.dll
0x00007ffaa4ae0000 - 0x00007ffaa4b08000 	C:\Program Files\Microsoft\jdk-11.0.20.8-hotspot\bin\java.dll
0x00007ffabc670000 - 0x00007ffabc67a000 	C:\Program Files\Microsoft\jdk-11.0.20.8-hotspot\bin\jimage.dll
0x00007ffaa4ac0000 - 0x00007ffaa4ad8000 	C:\Program Files\Microsoft\jdk-11.0.20.8-hotspot\bin\zip.dll
0x00007ffae1b90000 - 0x00007ffae22fb000 	C:\Windows\System32\SHELL32.dll
0x00007ffade930000 - 0x00007ffadf0ce000 	C:\Windows\SYSTEM32\windows.storage.dll
0x00007ffae2af0000 - 0x00007ffae2e43000 	C:\Windows\System32\combase.dll
0x00007ffae02d0000 - 0x00007ffae02fe000 	C:\Windows\SYSTEM32\Wldp.dll
0x00007ffae2950000 - 0x00007ffae2a1d000 	C:\Windows\System32\OLEAUT32.dll
0x00007ffae2a20000 - 0x00007ffae2acd000 	C:\Windows\System32\SHCORE.dll
0x00007ffae2f10000 - 0x00007ffae2f65000 	C:\Windows\System32\shlwapi.dll
0x00007ffae07d0000 - 0x00007ffae07f3000 	C:\Windows\SYSTEM32\profapi.dll
0x00007ffaa4aa0000 - 0x00007ffaa4ab9000 	C:\Program Files\Microsoft\jdk-11.0.20.8-hotspot\bin\net.dll
0x00007ffad8940000 - 0x00007ffad8a4a000 	C:\Windows\SYSTEM32\WINHTTP.dll
0x00007ffadffc0000 - 0x00007ffae002a000 	C:\Windows\system32\mswsock.dll
0x00007ffaa4860000 - 0x00007ffaa4873000 	C:\Program Files\Microsoft\jdk-11.0.20.8-hotspot\bin\nio.dll

dbghelp: loaded successfully - version: 4.0.5 - missing functions: none
symbol engine: initialized successfully - sym options: 0x614 - pdb path: .;C:\Program Files\Microsoft\jdk-11.0.20.8-hotspot\bin;C:\Windows\SYSTEM32;C:\Windows\WinSxS\amd64_microsoft.windows.common-controls_6595b64144ccf1df_6.0.19041.3636_none_60b6a03d71f818d5;C:\Program Files\Microsoft\jdk-11.0.20.8-hotspot\bin\server

VM Arguments:
java_command: org.jetbrains.kotlin.cli.jvm.K2JVMCompiler @C:\Users\boonn\Desktop\Monexpo2\node_modules\react-native-screens\android\build\20240519_1431496599398004871.compiler.options
java_class_path (initial): C:\Users\boonn\.gradle\caches\modules-2\files-2.1\org.jetbrains.kotlin\kotlin-compiler-embeddable\1.8.10\b0757fd774344d54ce93f5ad6c30ba1c1731c8ff\kotlin-compiler-embeddable-1.8.10.jar;C:\Users\boonn\.gradle\caches\modules-2\files-2.1\org.jetbrains.kotlin\kotlin-stdlib\1.8.10\6d5560a229477df9406943d5feda5618e98eb64c\kotlin-stdlib-1.8.10.jar;C:\Users\boonn\.gradle\caches\modules-2\files-2.1\org.jetbrains.kotlin\kotlin-script-runtime\1.8.10\b13ea9c7e46d589139e56086a878763290e20bd5\kotlin-script-runtime-1.8.10.jar;C:\Users\boonn\.gradle\caches\modules-2\files-2.1\org.jetbrains.kotlin\kotlin-reflect\1.6.10\1cbe9c92c12a94eea200d23c2bbaedaf3daf5132\kotlin-reflect-1.6.10.jar;C:\Users\boonn\.gradle\caches\modules-2\files-2.1\org.jetbrains.kotlin\kotlin-daemon-embeddable\1.8.10\ad8541d9bc1cf9e52c3204161247910c2cf601d4\kotlin-daemon-embeddable-1.8.10.jar;C:\Users\boonn\.gradle\caches\modules-2\files-2.1\org.jetbrains.intellij.deps\trove4j\1.0.20200330\3afb14d5f9ceb459d724e907a21145e8ff394f02\trove4j-1.0.20200330.jar;C:\Users\boonn\.gradle\caches\modules-2\files-2.1\net.java.dev.jna\jna\5.6.0\330f2244e9030119ab3030fc3fededc86713d9cc\jna-5.6.0.jar;C:\Users\boonn\.gradle\caches\modules-2\files-2.1\org.jetbrains.kotlin\kotlin-stdlib-common\1.8.10\a61b182458550492c12aee66157d7b524a63a5ec\kotlin-stdlib-common-1.8.10.jar;C:\Users\boonn\.gradle\caches\modules-2\files-2.1\org.jetbrains\annotations\13.0\919f0dfe192fb4e063e7dacadee7f8bb9a2672a9\annotations-13.0.jar
Launcher Type: SUN_STANDARD

[Global flags]
     intx CICompilerCount                          = 4                                         {product} {ergonomic}
     uint ConcGCThreads                            = 3                                         {product} {ergonomic}
     uint G1ConcRefinementThreads                  = 10                                        {product} {ergonomic}
   size_t G1HeapRegionSize                         = 1048576                                   {product} {ergonomic}
    uintx GCDrainStackTargetSize                   = 64                                        {product} {ergonomic}
   size_t InitialHeapSize                          = 132120576                                 {product} {ergonomic}
   size_t MarkStackSize                            = 4194304                                   {product} {ergonomic}
   size_t MaxHeapSize                              = 2107637760                                {product} {ergonomic}
   size_t MaxNewSize                               = 1264582656                                {product} {ergonomic}
   size_t MinHeapDeltaBytes                        = 1048576                                   {product} {ergonomic}
    uintx NonNMethodCodeHeapSize                   = 5836300                                {pd product} {ergonomic}
    uintx NonProfiledCodeHeapSize                  = 122910970                              {pd product} {ergonomic}
    uintx ProfiledCodeHeapSize                     = 122910970                              {pd product} {ergonomic}
    uintx ReservedCodeCacheSize                    = 251658240                              {pd product} {ergonomic}
     bool SegmentedCodeCache                       = true                                      {product} {ergonomic}
     bool UseCompressedClassPointers               = true                                 {lp64_product} {ergonomic}
     bool UseCompressedOops                        = true                                 {lp64_product} {ergonomic}
     bool UseG1GC                                  = true                                      {product} {ergonomic}
     bool UseLargePagesIndividualAllocation        = false                                  {pd product} {ergonomic}

Logging:
Log output configuration:
 #0: stdout all=warning uptime,level,tags
 #1: stderr all=off uptime,level,tags

Environment Variables:
JAVA_HOME=C:\Program Files\Microsoft\jdk-11.0.20.8-hotspot\
CLASSPATH=C:\Users\boonn\Desktop\Monexpo2\android\\gradle\wrapper\gradle-wrapper.jar
PATH=C:\Users\boonn\Desktop\Monexpo2\node_modules\.bin;C:\Users\boonn\Desktop\Monexpo2\node_modules\.bin;C:\Users\boonn\Desktop\node_modules\.bin;C:\Users\boonn\node_modules\.bin;C:\Users\node_modules\.bin;C:\node_modules\.bin;C:\Users\boonn\AppData\Roaming\npm\node_modules\npm\node_modules\@npmcli\run-script\lib\node-gyp-bin;C:\Program Files\Microsoft\jdk-11.0.20.8-hotspot\bin;C:\Windows\system32;C:\Windows;C:\Windows\System32\Wbem;C:\Windows\System32\WindowsPowerShell\v1.0\;C:\Windows\System32\OpenSSH\;C:\Program Files (x86)\NVIDIA Corporation\PhysX\Common;C:\Program Files\NVIDIA Corporation\NVIDIA NvDLISR;C:\Users\boonn\AppData\Local\Android\Sdk;C:\ProgramData\chocolatey\bin;C:\Program Files\nodejs\;C:\xampp\php;C:\ProgramData\ComposerSetup\bin;C:\Program Files\Git\cmd;C:\Users\boonn\AppData\Local\Microsoft\WindowsApps;C:\Users\boonn\AppData\Local\Programs\Microsoft VS Code\bin;C:\Users\boonn\AppData\Local\Android\Sdk\platform-tools;C:\Users\boonn\AppData\Roaming\npm;C:\Users\boonn\AppData\Roaming\Composer\vendor\bin
USERNAME=Mon
LANG=en_US.UTF-8
OS=Windows_NT
PROCESSOR_IDENTIFIER=Intel64 Family 6 Model 158 Stepping 10, GenuineIntel
TMP=C:\Users\boonn\AppData\Local\Temp
TEMP=C:\Users\boonn\AppData\Local\Temp



---------------  S Y S T E M  ---------------

OS: Windows 10 , 64 bit Build 19041 (10.0.19041.3636)
OS uptime: 9 days 5:25 hours

CPU:total 12 (initial active 12) (6 cores per cpu, 2 threads per core) family 6 model 158 stepping 10 microcode 0xb4, cmov, cx8, fxsr, mmx, sse, sse2, sse3, ssse3, sse4.1, sse4.2, popcnt, avx, avx2, aes, clmul, erms, 3dnowpref, lzcnt, ht, tsc, tscinvbit, bmi1, bmi2, adx, fma

Memory: 4k page, system-wide physical 8034M (109M free)
TotalPageFile size 22196M (AvailPageFile size 304M)
current process WorkingSet (physical memory assigned to process): 369M, peak: 369M
current process commit charge ("private bytes"): 496M, peak: 817M

vm_info: OpenJDK 64-Bit Server VM (11.0.20+8-LTS) for windows-amd64 JRE (11.0.20+8-LTS), built on Jul  7 2023 17:05:21 by "MicrosoftCorporation" with MS VC++ 15.9 (VS2017)

END.
